<?xml version="1.0" encoding="UTF-8" ?>
<testsuite 
errors="0" failures="0" hostname="Christophers-MacBook-Pro.local" name="org.scassandra.server.cqlmessages.response.ResultHelperTest" tests="1" time="0.066" timestamp="2015-06-26T21:15:40">
  <properties>
    <property name="java.runtime.name" value="Java(TM) SE Runtime Environment">
    </property>
    <property 
    name="sun.boot.library.path" value="/Library/Java/JavaVirtualMachines/jdk1.8.0_25.jdk/Contents/Home/jre/lib">
</property>
    <property name="java.vm.version" value="25.25-b02"> </property>
    <property name="gopherProxySet" value="false"> </property>
    <property name="java.vm.vendor" value="Oracle Corporation"> </property>
    <property name="java.vendor.url" value="http://java.oracle.com/">
    </property>
    <property name="path.separator" value=":"> </property>
    <property name="java.vm.name" value="Java HotSpot(TM) 64-Bit Server VM">
    </property>
    <property name="file.encoding.pkg" value="sun.io"> </property>
    <property name="user.country" value="US"> </property>
    <property name="sun.java.launcher" value="SUN_STANDARD"> </property>
    <property name="sun.os.patch.level" value="unknown"> </property>
    <property 
    name="java.vm.specification.name" value="Java Virtual Machine Specification">
</property>
    <property 
    name="user.dir" value="/Users/chbatey/dev/os/scassandra/scassandra-server/server">
</property>
    <property name="java.runtime.version" value="1.8.0_25-b17"> </property>
    <property name="java.awt.graphicsenv" value="sun.awt.CGraphicsEnvironment">
    </property>
    <property 
    name="java.endorsed.dirs" value="/Library/Java/JavaVirtualMachines/jdk1.8.0_25.jdk/Contents/Home/jre/lib/endorsed">
</property>
    <property name="os.arch" value="x86_64"> </property>
    <property 
    name="java.io.tmpdir" value="/var/folders/pw/prx1p4210nn28h9rwzyxw6_r0000gn/T/">
</property>
    <property name="line.separator" value=" "> </property>
    <property name="java.vm.specification.vendor" value="Oracle Corporation">
    </property>
    <property name="user.variant" value=""> </property>
    <property name="os.name" value="Mac OS X"> </property>
    <property name="sun.jnu.encoding" value="UTF-8"> </property>
    <property 
    name="java.library.path" value="/Users/chbatey/Library/Java/Extensions:/Library/Java/Extensions:/Network/Library/Java/Extensions:/System/Library/Java/Extensions:/usr/lib/java:.">
</property>
    <property 
    name="java.specification.name" value="Java Platform API Specification">
</property>
    <property name="java.class.version" value="52.0"> </property>
    <property 
    name="sun.management.compiler" value="HotSpot 64-Bit Tiered Compilers">
</property>
    <property name="os.version" value="10.10.3"> </property>
    <property 
    name="http.nonProxyHosts" value="local|*.local|169.254/16|*.169.254/16">
</property>
    <property name="user.home" value="/Users/chbatey"> </property>
    <property name="user.timezone" value="Europe/London"> </property>
    <property name="java.awt.printerjob" value="sun.lwawt.macosx.CPrinterJob">
    </property>
    <property name="file.encoding" value="UTF-8"> </property>
    <property name="java.specification.version" value="1.8"> </property>
    <property name="user.name" value="chbatey"> </property>
    <property 
    name="java.class.path" value="/Users/chbatey/dev/os/scassandra/scassandra-server/server/build/classes/test:/Users/chbatey/dev/os/scassandra/scassandra-server/server/build/resources/test:/Users/chbatey/dev/os/scassandra/scassandra-server/server/build/classes/main:/Users/chbatey/dev/os/scassandra/scassandra-server/server/build/resources/main:/Users/chbatey/.gradle/caches/modules-2/files-2.1/org.scala-lang/scala-library/2.11.7/f75e7acabd57b213d6f61483240286c07213ec0e/scala-library-2.11.7.jar:/Users/chbatey/.gradle/caches/modules-2/files-2.1/com.typesafe.akka/akka-actor_2.11/2.3.9/402af1579ddb9338792ba4f93552eb5ec7b0237b/akka-actor_2.11-2.3.9.jar:/Users/chbatey/.gradle/caches/modules-2/files-2.1/com.typesafe.akka/akka-remote_2.11/2.3.9/b3163e9405d51743db3744f3b2cbff7d1a24cebf/akka-remote_2.11-2.3.9.jar:/Users/chbatey/.gradle/caches/modules-2/files-2.1/io.spray/spray-json_2.11/1.3.2/9603e5c9a31d0ae4b1c3ca6310494e4426eb47e4/spray-json_2.11-1.3.2.jar:/Users/chbatey/.gradle/caches/modules-2/files-2.1/io.spray/spray-can_2.11/1.3.3/7ff5673b5ca9eb81e8d2a7b557174185fa449b3f/spray-can_2.11-1.3.3.jar:/Users/chbatey/.gradle/caches/modules-2/files-2.1/io.spray/spray-routing_2.11/1.3.3/dd6287d8cc7e2e4d4d8996f7a85be7cae15f9c2f/spray-routing_2.11-1.3.3.jar:/Users/chbatey/.gradle/caches/modules-2/files-2.1/com.typesafe.scala-logging/scala-logging_2.11/3.1.0/134d96ef46da35dbab455eb223255cf31d834a33/scala-logging_2.11-3.1.0.jar:/Users/chbatey/.gradle/caches/modules-2/files-2.1/com.google.guava/guava/17.0/9c6ef172e8de35fd8d4d8783e4821e57cdef7445/guava-17.0.jar:/Users/chbatey/.gradle/caches/modules-2/files-2.1/org.apache.cassandra/cassandra-all/2.1.2/2e58d5d1501c842d558669407385302b45310f70/cassandra-all-2.1.2.jar:/Users/chbatey/.gradle/caches/modules-2/files-2.1/org.scassandra/cql-antlr/0.1.0/34d43571a1979a3c6e79c0bf10bd428f42015e36/cql-antlr-0.1.0.jar:/Users/chbatey/.gradle/caches/modules-2/files-2.1/com.typesafe.akka/akka-testkit_2.11/2.3.9/4e151296bc358e10ace1a3f9c23aaa75bfc1c1e9/akka-testkit_2.11-2.3.9.jar:/Users/chbatey/.gradle/caches/modules-2/files-2.1/io.spray/spray-testkit_2.11/1.3.3/9c49d2d2a28f05810cc0824bd96594f29bb0a1f4/spray-testkit_2.11-1.3.3.jar:/Users/chbatey/.gradle/caches/modules-2/files-2.1/com.datastax.cassandra/cassandra-driver-core/2.0.10/33a718b58f05b8654ee837866b79942e84ec4b6b/cassandra-driver-core-2.0.10.jar:/Users/chbatey/.gradle/caches/modules-2/files-2.1/net.databinder.dispatch/dispatch-core_2.11/0.11.0/ec1f6f0e19cd3ea3641aab7b0ec871c95e93c134/dispatch-core_2.11-0.11.0.jar:/Users/chbatey/.gradle/caches/modules-2/files-2.1/org.scalatest/scalatest_2.11/2.2.3/30ee4f2c0836516c049d64d08dc8c96e5a753e9a/scalatest_2.11-2.2.3.jar:/Users/chbatey/.gradle/caches/modules-2/files-2.1/org.mockito/mockito-core/1.9.5/c3264abeea62c4d2f367e21484fbb40c7e256393/mockito-core-1.9.5.jar:/Users/chbatey/.gradle/caches/modules-2/files-2.1/org.pegdown/pegdown/1.1.0/bcc0c5b025b09ab85bb80a8311ce5c015d005b/pegdown-1.1.0.jar:/Users/chbatey/.gradle/caches/modules-2/files-2.1/com.typesafe/config/1.2.1/f771f71fdae3df231bcd54d5ca2d57f0bf93f467/config-1.2.1.jar:/Users/chbatey/.gradle/caches/modules-2/files-2.1/io.netty/netty/3.8.0.Final/65e00948a33493081e4f6a8619d82ab3d4024af1/netty-3.8.0.Final.jar:/Users/chbatey/.gradle/caches/modules-2/files-2.1/com.google.protobuf/protobuf-java/2.5.0/a10732c76bfacdbd633a7eb0f7968b1059a65dfa/protobuf-java-2.5.0.jar:/Users/chbatey/.gradle/caches/modules-2/files-2.1/org.uncommons.maths/uncommons-maths/1.2.2a/e4e84f879d4160be9508aa3904516ec30c39e815/uncommons-maths-1.2.2a.jar:/Users/chbatey/.gradle/caches/modules-2/files-2.1/io.spray/spray-io_2.11/1.3.3/477b0dda63102505bfa8234c9931397f2e11c5c/spray-io_2.11-1.3.3.jar:/Users/chbatey/.gradle/caches/modules-2/files-2.1/io.spray/spray-http_2.11/1.3.3/e1364c0e9c8a52940a23c9c2d601a3afde60913b/spray-http_2.11-1.3.3.jar:/Users/chbatey/.gradle/caches/modules-2/files-2.1/io.spray/spray-util_2.11/1.3.3/5ec562f574f2180ff9ad704caf13d56f0cbdc8d2/spray-util_2.11-1.3.3.jar:/Users/chbatey/.gradle/caches/modules-2/files-2.1/io.spray/spray-httpx_2.11/1.3.3/10dd0eab76765f76332235030ee1958d8e9e2f05/spray-httpx_2.11-1.3.3.jar:/Users/chbatey/.gradle/caches/modules-2/files-2.1/com.chuusai/shapeless_2.11/1.2.4/3b7c2ebd20b599b3521aab75df549c774b4bbe23/shapeless_2.11-1.2.4.jar:/Users/chbatey/.gradle/caches/modules-2/files-2.1/org.xerial.snappy/snappy-java/1.0.5/10cb4550360a0ec6b80f09a5209d00b6058e82bf/snappy-java-1.0.5.jar:/Users/chbatey/.gradle/caches/modules-2/files-2.1/net.jpountz.lz4/lz4/1.2.0/cd301e9a481eae5b68c53267100aeca43b782b9f/lz4-1.2.0.jar:/Users/chbatey/.gradle/caches/modules-2/files-2.1/com.ning/compress-lzf/0.8.4/994da6bddb79a40c368d3040f2aa06b94faf6b1f/compress-lzf-0.8.4.jar:/Users/chbatey/.gradle/caches/modules-2/files-2.1/commons-cli/commons-cli/1.1/11c98b99ad538f2f67633afd4d7f4d98ecfbb408/commons-cli-1.1.jar:/Users/chbatey/.gradle/caches/modules-2/files-2.1/org.apache.commons/commons-lang3/3.1/905075e6c80f206bbe6cf1e809d2caa69f420c76/commons-lang3-3.1.jar:/Users/chbatey/.gradle/caches/modules-2/files-2.1/org.apache.commons/commons-math3/3.2/ec2544ab27e110d2d431bdad7d538ed509b21e62/commons-math3-3.2.jar:/Users/chbatey/.gradle/caches/modules-2/files-2.1/com.googlecode.concurrentlinkedhashmap/concurrentlinkedhashmap-lru/1.3/beb907bae0604fdc153cbcc2f0dc84d3ae35bf36/concurrentlinkedhashmap-lru-1.3.jar:/Users/chbatey/.gradle/caches/modules-2/files-2.1/org.antlr/antlr/3.5.2/c4a65c950bfc3e7d04309c515b2177c00baf7764/antlr-3.5.2.jar:/Users/chbatey/.gradle/caches/modules-2/files-2.1/org.antlr/antlr-runtime/3.5.2/cd9cd41361c155f3af0f653009dcecb08d8b4afd/antlr-runtime-3.5.2.jar:/Users/chbatey/.gradle/caches/modules-2/files-2.1/org.antlr/stringtemplate/4.0.2/e28e09e2d44d60506a7bcb004d6c23ff35c6ac08/stringtemplate-4.0.2.jar:/Users/chbatey/.gradle/caches/modules-2/files-2.1/org.codehaus.jackson/jackson-core-asl/1.9.2/8493982bba1727106d767034bd0d8e77bc1931a9/jackson-core-asl-1.9.2.jar:/Users/chbatey/.gradle/caches/modules-2/files-2.1/org.codehaus.jackson/jackson-mapper-asl/1.9.2/95400a7922ce75383866eb72f6ef4a7897923945/jackson-mapper-asl-1.9.2.jar:/Users/chbatey/.gradle/caches/modules-2/files-2.1/jline/jline/1.0/e8f2d4690059d42a8f0f29195884a72a82ce4bb7/jline-1.0.jar:/Users/chbatey/.gradle/caches/modules-2/files-2.1/com.googlecode.json-simple/json-simple/1.1/5e303a03d04e6788dddfa3655272580ae0fc13bb/json-simple-1.1.jar:/Users/chbatey/.gradle/caches/modules-2/files-2.1/com.boundary/high-scale-lib/1.0.6/7b44147cb2729e1724d2d46d7b932c56b65087f0/high-scale-lib-1.0.6.jar:/Users/chbatey/.gradle/caches/modules-2/files-2.1/org.mindrot/jbcrypt/0.3m/fe2d9c5f23767d681a7e38fc8986b812400ec583/jbcrypt-0.3m.jar:/Users/chbatey/.gradle/caches/modules-2/files-2.1/com.yammer.metrics/metrics-core/2.2.0/f82c035cfa786d3cbec362c38c22a5f5b1bc8724/metrics-core-2.2.0.jar:/Users/chbatey/.gradle/caches/modules-2/files-2.1/com.addthis.metrics/reporter-config/2.1.0/1f4c83a733634be5f550ed94ceb9475b17ce8ba6/reporter-config-2.1.0.jar:/Users/chbatey/.gradle/caches/modules-2/files-2.1/com.thinkaurelius.thrift/thrift-server/0.3.7/e8182774da1b1dde3704f450837c79997b5d7025/thrift-server-0.3.7.jar:/Users/chbatey/.gradle/caches/modules-2/files-2.1/com.clearspring.analytics/stream/2.5.2/8ec983689f4cc5463d012f415129b0c9fe296b7a/stream-2.5.2.jar:/Users/chbatey/.gradle/caches/modules-2/files-2.1/net.sf.supercsv/super-csv/2.1.0/c6466dd0e28c034272b9f70a3f1896c03f1f2b27/super-csv-2.1.0.jar:/Users/chbatey/.gradle/caches/modules-2/files-2.1/org.apache.thrift/libthrift/0.9.1/16c9cccf08caa385b5fc93934cb3216fe6ac6a72/libthrift-0.9.1.jar:/Users/chbatey/.gradle/caches/modules-2/files-2.1/org.apache.cassandra/cassandra-thrift/2.1.2/b5a6414e256b871bd0ef19fca734916dbc56c25a/cassandra-thrift-2.1.2.jar:/Users/chbatey/.gradle/caches/modules-2/files-2.1/net.java.dev.jna/jna/4.0.0/9b3a11c613ec3fd3440af4103b12c3de82d38b6e/jna-4.0.0.jar:/Users/chbatey/.gradle/caches/modules-2/files-2.1/com.github.jbellis/jamm/0.2.8/ddab39d38d75b3d87a8e7fd964c36b89b073b027/jamm-0.2.8.jar:/Users/chbatey/.gradle/caches/modules-2/files-2.1/io.netty/netty-all/4.0.23.Final/294104aaf1781d6a56a07d561e792c5d0c95f45/netty-all-4.0.23.Final.jar:/Users/chbatey/.gradle/caches/modules-2/files-2.1/org.antlr/antlr4-runtime/4.5/29e48af049f17dd89153b83a7ad5d01b3b4bcdda/antlr4-runtime-4.5.jar:/Users/chbatey/.gradle/caches/modules-2/files-2.1/io.netty/netty-handler/4.0.27.Final/91d5c8e25150759bdfce680f318e7b3e8a493b1f/netty-handler-4.0.27.Final.jar:/Users/chbatey/.gradle/caches/modules-2/files-2.1/com.codahale.metrics/metrics-core/3.0.2/c6a7fb32776e984b64ff1a548e3044238ea5a931/metrics-core-3.0.2.jar:/Users/chbatey/.gradle/caches/modules-2/files-2.1/com.ning/async-http-client/1.7.16/719acb19deda315febb5a65895e47c0379fb6e59/async-http-client-1.7.16.jar:/Users/chbatey/.gradle/caches/modules-2/files-2.1/org.hamcrest/hamcrest-core/1.1/860340562250678d1a344907ac75754e259cdb14/hamcrest-core-1.1.jar:/Users/chbatey/.gradle/caches/modules-2/files-2.1/org.objenesis/objenesis/1.0/9b473564e792c2bdf1449da1f0b1b5bff9805704/objenesis-1.0.jar:/Users/chbatey/.gradle/caches/modules-2/files-2.1/org.parboiled/parboiled-java/1.0.2/bf1cbdf55395bb4c97e5ba3bf363897f1f7af643/parboiled-java-1.0.2.jar:/Users/chbatey/.gradle/caches/modules-2/files-2.1/org.parboiled/parboiled-scala_2.11/1.1.7/4e14ecb11f40f25216ce01dc349f541bc801354f/parboiled-scala_2.11-1.1.7.jar:/Users/chbatey/.gradle/caches/modules-2/files-2.1/org.jvnet.mimepull/mimepull/1.9.5/4ae665c707798da16886f916cda02ec61ea538f6/mimepull-1.9.5.jar:/Users/chbatey/.gradle/caches/modules-2/files-2.1/org.antlr/ST4/4.0.8/a1c55e974f8a94d78e2348fa6ff63f4fa1fae64/ST4-4.0.8.jar:/Users/chbatey/.gradle/caches/modules-2/files-2.1/org.hibernate/hibernate-validator/4.3.0.Final/f2d0447bcdb27a48398215a33eb351b8a594e3a4/hibernate-validator-4.3.0.Final.jar:/Users/chbatey/.gradle/caches/modules-2/files-2.1/com.lmax/disruptor/3.0.1/d68c363b12827c644bd60469827b862cad7dc0a2/disruptor-3.0.1.jar:/Users/chbatey/.gradle/caches/modules-2/files-2.1/junit/junit/4.8.1/f2975548f836416306ef1dee748d956f04733915/junit-4.8.1.jar:/Users/chbatey/.gradle/caches/modules-2/files-2.1/it.unimi.dsi/fastutil/6.5.7/dec71174d0c8a20f355e5af8b59f25eb424c49d3/fastutil-6.5.7.jar:/Users/chbatey/.gradle/caches/modules-2/files-2.1/org.apache.httpcomponents/httpclient/4.2.5/666e26e76f2e87d84e4f16acb546481ae1b8e9a6/httpclient-4.2.5.jar:/Users/chbatey/.gradle/caches/modules-2/files-2.1/org.apache.httpcomponents/httpcore/4.2.4/3b7f38df6de5dd8b500e602ae8c2dd5ee446f883/httpcore-4.2.4.jar:/Users/chbatey/.gradle/caches/modules-2/files-2.1/org.abego.treelayout/org.abego.treelayout.core/1.0.1/e31e79cba7a5414cf18fa69f3f0a2cf9ee997b61/org.abego.treelayout.core-1.0.1.jar:/Users/chbatey/.gradle/caches/modules-2/files-2.1/io.netty/netty-buffer/4.0.27.Final/91d5d38fd5cfa7b507e4f82297ba2bf7f30be805/netty-buffer-4.0.27.Final.jar:/Users/chbatey/.gradle/caches/modules-2/files-2.1/io.netty/netty-transport/4.0.27.Final/fc1e00d9d2815f74df6af1cf79da65d6b2d6b102/netty-transport-4.0.27.Final.jar:/Users/chbatey/.gradle/caches/modules-2/files-2.1/io.netty/netty-codec/4.0.27.Final/8ed3790b480d4370d22ad1b74a79a54663619b3/netty-codec-4.0.27.Final.jar:/Users/chbatey/.gradle/caches/modules-2/files-2.1/asm/asm/3.3.1/1d5f20b4ea675e6fab6ab79f1cd60ec268ddc015/asm-3.3.1.jar:/Users/chbatey/.gradle/caches/modules-2/files-2.1/asm/asm-util/3.3.1/d891b52ddd9a06f0fa73c1f53c334145e23b6514/asm-util-3.3.1.jar:/Users/chbatey/.gradle/caches/modules-2/files-2.1/asm/asm-tree/3.3.1/c9723d887e26c3049944e46312bb39e7ab1a2ed2/asm-tree-3.3.1.jar:/Users/chbatey/.gradle/caches/modules-2/files-2.1/asm/asm-analysis/3.3.1/6a42d88a6a2866c511a9246af325234279a50d12/asm-analysis-3.3.1.jar:/Users/chbatey/.gradle/caches/modules-2/files-2.1/javax.validation/validation-api/1.0.0.GA/b6bd7f9d78f6fdaa3c37dae18a4bd298915f328e/validation-api-1.0.0.GA.jar:/Users/chbatey/.gradle/caches/modules-2/files-2.1/org.jboss.logging/jboss-logging/3.1.0.CR2/28725380c07f917ace4e511db21cc45e9ae5a72b/jboss-logging-3.1.0.CR2.jar:/Users/chbatey/.gradle/caches/modules-2/files-2.1/commons-logging/commons-logging/1.1.1/5043bfebc3db072ed80fbd362e7caf00e885d8ae/commons-logging-1.1.1.jar:/Users/chbatey/.gradle/caches/modules-2/files-2.1/io.netty/netty-common/4.0.27.Final/f9adee4559928c2e75d58b33e109c17342cb0991/netty-common-4.0.27.Final.jar:/Users/chbatey/.gradle/caches/modules-2/files-2.1/org.slf4j/slf4j-api/1.7.10/5b338f206827d88acd890739f400a9b7664e5984/slf4j-api-1.7.10.jar:/Users/chbatey/.gradle/caches/modules-2/files-2.1/ch.qos.logback/logback-core/1.1.2/2d23694879c2c12f125dac5076bdfd5d771cc4cb/logback-core-1.1.2.jar:/Users/chbatey/.gradle/caches/modules-2/files-2.1/ch.qos.logback/logback-classic/1.1.2/b316e9737eea25e9ddd6d88eaeee76878045c6b2/logback-classic-1.1.2.jar:/Users/chbatey/.gradle/caches/modules-2/files-2.1/commons-codec/commons-codec/1.10/4b95f4897fa13f2cd904aee711aeafc0c5295cd8/commons-codec-1.10.jar:/Users/chbatey/.gradle/caches/modules-2/files-2.1/org.scala-lang/scala-reflect/2.11.2/1a6265829fcde7d3a522fe2c0366f2fc40727b17/scala-reflect-2.11.2.jar:/Users/chbatey/.gradle/caches/modules-2/files-2.1/org.scala-lang.modules/scala-xml_2.11/1.0.3/8f295fc7620bf5a71eb7e34e71d97207aa534abf/scala-xml_2.11-1.0.3.jar:/Users/chbatey/.gradle/caches/modules-2/files-2.1/org.yaml/snakeyaml/1.12/ebe66a6b88caab31d7a19571ad23656377523545/snakeyaml-1.12.jar:/Users/chbatey/.gradle/caches/modules-2/files-2.1/org.parboiled/parboiled-core/1.1.7/a60ff9a54cbeb30ec44c89e16ac4c35913cbad5a/parboiled-core-1.1.7.jar">
</property>
    <property name="java.vm.specification.version" value="1.8"> </property>
    <property name="sun.arch.data.model" value="64"> </property>
    <property 
    name="java.home" value="/Library/Java/JavaVirtualMachines/jdk1.8.0_25.jdk/Contents/Home/jre">
</property>
    <property 
    name="sun.java.command" value="org.scalatest.tools.Runner -oID -PS1 -R /Users/chbatey/dev/os/scassandra/scassandra-server/server/build/classes/test -u /Users/chbatey/dev/os/scassandra/scassandra-server/server/build/test-results -h /Users/chbatey/dev/os/scassandra/scassandra-server/server/build/reports/tests">
</property>
    <property name="java.specification.vendor" value="Oracle Corporation">
    </property>
    <property name="user.language" value="en"> </property>
    <property name="awt.toolkit" value="sun.lwawt.macosx.LWCToolkit">
    </property>
    <property name="java.vm.info" value="mixed mode"> </property>
    <property name="java.version" value="1.8.0_25"> </property>
    <property 
    name="java.ext.dirs" value="/Users/chbatey/Library/Java/Extensions:/Library/Java/JavaVirtualMachines/jdk1.8.0_25.jdk/Contents/Home/jre/lib/ext:/Library/Java/Extensions:/Network/Library/Java/Extensions:/System/Library/Java/Extensions:/usr/lib/java">
</property>
    <property 
    name="sun.boot.class.path" value="/Library/Java/JavaVirtualMachines/jdk1.8.0_25.jdk/Contents/Home/jre/lib/resources.jar:/Library/Java/JavaVirtualMachines/jdk1.8.0_25.jdk/Contents/Home/jre/lib/rt.jar:/Library/Java/JavaVirtualMachines/jdk1.8.0_25.jdk/Contents/Home/jre/lib/sunrsasign.jar:/Library/Java/JavaVirtualMachines/jdk1.8.0_25.jdk/Contents/Home/jre/lib/jsse.jar:/Library/Java/JavaVirtualMachines/jdk1.8.0_25.jdk/Contents/Home/jre/lib/jce.jar:/Library/Java/JavaVirtualMachines/jdk1.8.0_25.jdk/Contents/Home/jre/lib/charsets.jar:/Library/Java/JavaVirtualMachines/jdk1.8.0_25.jdk/Contents/Home/jre/lib/jfr.jar:/Library/Java/JavaVirtualMachines/jdk1.8.0_25.jdk/Contents/Home/jre/classes">
</property>
    <property name="java.vendor" value="Oracle Corporation"> </property>
    <property name="file.separator" value="/"> </property>
    <property 
    name="java.vendor.url.bug" value="http://bugreport.sun.com/bugreport/">
</property>
    <property name="sun.cpu.endian" value="little"> </property>
    <property name="sun.io.unicode.encoding" value="UnicodeBig"> </property>
    <property 
    name="socksNonProxyHosts" value="local|*.local|169.254/16|*.169.254/16">
</property>
    <property 
    name="ftp.nonProxyHosts" value="local|*.local|169.254/16|*.169.254/16">
</property>
    <property name="sun.cpu.isalist" value=""> </property>
  </properties>
  <testcase 
  name="Serialising map type" classname="org.scassandra.server.cqlmessages.response.ResultHelperTest" time="0.053">
</testcase>
  <system-out><![CDATA[]]></system-out>
  <system-err><![CDATA[]]></system-err>
</testsuite>
