<?xml version="1.0" encoding="UTF-8"?>
<testsuite name="org.scassandra.http.client.PrimingRequestTest" tests="4" failures="0" errors="0" timestamp="2015-06-08T11:26:30" hostname="desktop" time="0.02">
  <properties/>
  <testcase name="testEqualsContract" classname="org.scassandra.http.client.PrimingRequestTest" time="0.014"/>
  <testcase name="throwsIllegalStateExceptionIfQueryAndPatternSpecified" classname="org.scassandra.http.client.PrimingRequestTest" time="0.0"/>
  <testcase name="throwsIllegalStateExceptionIfVariablesTypesSetForQueryPrime" classname="org.scassandra.http.client.PrimingRequestTest" time="0.006"/>
  <testcase name="throwsIllegalStateExceptionIfNoQuerySpecified" classname="org.scassandra.http.client.PrimingRequestTest" time="0.0"/>
  <system-out><![CDATA[]]></system-out>
  <system-err><![CDATA[]]></system-err>
</testsuite>
