<?xml version="1.0" encoding="UTF-8"?>
<testsuite name="org.scassandra.VersionIntegrationTest" tests="1" failures="0" errors="0" timestamp="2015-06-08T11:26:26" hostname="desktop" time="0.937">
  <properties/>
  <testcase name="getVersion" classname="org.scassandra.VersionIntegrationTest" time="0.937"/>
  <system-out><![CDATA[12:26:26,565 |-INFO in ch.qos.logback.classic.LoggerContext[default] - Could NOT find resource [logback.groovy]
12:26:26,566 |-INFO in ch.qos.logback.classic.LoggerContext[default] - Could NOT find resource [logback-test.xml]
12:26:26,566 |-INFO in ch.qos.logback.classic.LoggerContext[default] - Found resource [logback.xml] at [file:/home/chbatey/dev/os/scassandra/scassandra-server/java-client/build/resources/test/logback.xml]
12:26:26,566 |-WARN in ch.qos.logback.classic.LoggerContext[default] - Resource [logback.xml] occurs multiple times on the classpath.
12:26:26,566 |-WARN in ch.qos.logback.classic.LoggerContext[default] - Resource [logback.xml] occurs at [file:/home/chbatey/dev/os/scassandra/scassandra-server/java-client/build/resources/test/logback.xml]
12:26:26,566 |-WARN in ch.qos.logback.classic.LoggerContext[default] - Resource [logback.xml] occurs at [jar:file:/home/chbatey/.m2/repository/org/scassandra/scassandra-server_2.11/0.8.0-SNAPSHOT/scassandra-server_2.11-0.8.0-SNAPSHOT.jar!/logback.xml]
12:26:26,625 |-INFO in ch.qos.logback.classic.joran.action.ConfigurationAction - debug attribute not set
12:26:26,627 |-INFO in ch.qos.logback.core.joran.action.AppenderAction - About to instantiate appender of type [ch.qos.logback.core.ConsoleAppender]
12:26:26,636 |-INFO in ch.qos.logback.core.joran.action.AppenderAction - Naming appender as [STDOUT]
12:26:26,655 |-INFO in ch.qos.logback.core.joran.action.NestedComplexPropertyIA - Assuming default type [ch.qos.logback.classic.encoder.PatternLayoutEncoder] for [encoder] property
12:26:26,686 |-INFO in ch.qos.logback.classic.joran.action.RootLoggerAction - Setting level of ROOT logger to DEBUG
12:26:26,686 |-INFO in ch.qos.logback.core.joran.action.AppenderRefAction - Attaching appender named [STDOUT] to Logger[ROOT]
12:26:26,686 |-INFO in ch.qos.logback.classic.joran.action.ConfigurationAction - End of configuration.
12:26:26,686 |-INFO in ch.qos.logback.classic.joran.JoranConfigurator@3dcfa34f - Registering current configuration as safe fallback point

2015-06-08 12:26:27,080 INFO  [CassandraServerStub-8042-8043-akka.actor.default-dispatcher-3] - [org.scassandra.server.priming.PrimingServer]- Opening port 8043 for priming
2015-06-08 12:26:27,155 INFO  [CassandraServerStub-8042-8043-akka.actor.default-dispatcher-7] - [org.scassandra.server.ServerReadyListener]- ServerReady - No listener yet.
[INFO] [06/08/2015 12:26:27.154] [CassandraServerStub-8042-8043-akka.actor.default-dispatcher-7] [akka://CassandraServerStub-8042-8043/user/BinaryTcpListener] Port 8042 ready for Cassandra binary connections.
[INFO] [06/08/2015 12:26:27.476] [CassandraServerStub-8042-8043-akka.actor.default-dispatcher-6] [akka://CassandraServerStub-8042-8043/user/IO-HTTP/listener-0] Bound to localhost/127.0.0.1:8043
2015-06-08 12:26:27,476 INFO  [CassandraServerStub-8042-8043-akka.actor.default-dispatcher-3] - [org.scassandra.server.priming.PrimingServer]- Priming server bound to admin port 8043
2015-06-08 12:26:27,476 INFO  [CassandraServerStub-8042-8043-akka.actor.default-dispatcher-6] - [org.scassandra.server.ServerReadyListener]- ServerReady - Forwarding ServerReady to listener.
2015-06-08 12:26:27,477 INFO  [CassandraServerStub-8042-8043-akka.actor.default-dispatcher-6] - [org.scassandra.server.ServerReadyListener]- OnServerReady - ServerReady message already received. Sending ServerReady.
]]></system-out>
  <system-err><![CDATA[log4j:WARN No appenders could be found for logger (org.apache.http.impl.conn.PoolingHttpClientConnectionManager).
log4j:WARN Please initialize the log4j system properly.
log4j:WARN See http://logging.apache.org/log4j/1.2/faq.html#noconfig for more info.
]]></system-err>
</testsuite>
