<?xml version="1.0" encoding="UTF-8"?>
<testsuite name="org.scassandra.matchers.QueryMatcherTest" tests="1" failures="0" errors="0" timestamp="2015-06-08T11:26:35" hostname="desktop" time="0.001">
  <properties/>
  <testcase name="matchesOnQuery" classname="org.scassandra.matchers.QueryMatcherTest" time="0.001"/>
  <system-out><![CDATA[]]></system-out>
  <system-err><![CDATA[]]></system-err>
</testsuite>
