<?xml version="1.0" encoding="UTF-8"?>
<testsuite name="org.scassandra.matchers.PreparedStatementMatcherTest" tests="23" failures="0" errors="0" timestamp="2015-06-08T11:26:35" hostname="desktop" time="0.014">
  <properties/>
  <testcase name="mismatchingQueryText" classname="org.scassandra.matchers.PreparedStatementMatcherTest" time="0.003"/>
  <testcase name="numbersMatchingFloats" classname="org.scassandra.matchers.PreparedStatementMatcherTest" time="0.001"/>
  <testcase name="numbersMatchingUUIDsWithUUIDAsString" classname="org.scassandra.matchers.PreparedStatementMatcherTest" time="0.001"/>
  <testcase name="lessVariablesIsFalse" classname="org.scassandra.matchers.PreparedStatementMatcherTest" time="0.0"/>
  <testcase name="shouldThrowIllegalArgumentIfVariableListNotTheSameAsNumberOfVariables" classname="org.scassandra.matchers.PreparedStatementMatcherTest" time="0.003"/>
  <testcase name="matchesDateWhenSentBackAsLong" classname="org.scassandra.matchers.PreparedStatementMatcherTest" time="0.0"/>
  <testcase name="inetMatching" classname="org.scassandra.matchers.PreparedStatementMatcherTest" time="0.0"/>
  <testcase name="matchWithJustQuery" classname="org.scassandra.matchers.PreparedStatementMatcherTest" time="0.0"/>
  <testcase name="mismatchingConsistency" classname="org.scassandra.matchers.PreparedStatementMatcherTest" time="0.001"/>
  <testcase name="numbersMatchingBlobsWhenNotInActualReturnsFalse" classname="org.scassandra.matchers.PreparedStatementMatcherTest" time="0.002"/>
  <testcase name="matchNullAgainstSomethingElseIsFalse" classname="org.scassandra.matchers.PreparedStatementMatcherTest" time="0.0"/>
  <testcase name="matchingStringVariables" classname="org.scassandra.matchers.PreparedStatementMatcherTest" time="0.0"/>
  <testcase name="matchingNumbers" classname="org.scassandra.matchers.PreparedStatementMatcherTest" time="0.001"/>
  <testcase name="decimalMatchingAsBigDecimal" classname="org.scassandra.matchers.PreparedStatementMatcherTest" time="0.0"/>
  <testcase name="matchingBlobsWithByteBuffer" classname="org.scassandra.matchers.PreparedStatementMatcherTest" time="0.0"/>
  <testcase name="matchNonNumberAgainstNumberShouldBeFalse" classname="org.scassandra.matchers.PreparedStatementMatcherTest" time="0.0"/>
  <testcase name="mismatchingStringVariables" classname="org.scassandra.matchers.PreparedStatementMatcherTest" time="0.001"/>
  <testcase name="matchingTextMaps" classname="org.scassandra.matchers.PreparedStatementMatcherTest" time="0.0"/>
  <testcase name="matchingTextSets" classname="org.scassandra.matchers.PreparedStatementMatcherTest" time="0.001"/>
  <testcase name="numbersMatchingUUIDsWithUUIDClass" classname="org.scassandra.matchers.PreparedStatementMatcherTest" time="0.0"/>
  <testcase name="matchingNonDecimalTypes" classname="org.scassandra.matchers.PreparedStatementMatcherTest" time="0.0"/>
  <testcase name="moreVariablesIsFalse" classname="org.scassandra.matchers.PreparedStatementMatcherTest" time="0.0"/>
  <testcase name="matchingTextLists" classname="org.scassandra.matchers.PreparedStatementMatcherTest" time="0.0"/>
  <system-out><![CDATA[2015-06-08 12:26:35,666 INFO  [Test worker] - [org.scassandra.matchers.PreparedStatementMatcher]- Found prepared statement execution that didn't match: PreparedStatementExecution{preparedStatementText='same query', consistency='ONE', variables=[1.0]}, reason: Invalid expected value ([1, 2],HashSet) for variable of types double, the value was 1.0 for valid types see: http://www.scassandra.org/java-client/column-types/
]]></system-out>
  <system-err><![CDATA[]]></system-err>
</testsuite>
